04:48:22.321 [main] INFO  - Goto my account-->Click on Login.. 
04:48:23.003 [main] INFO  - Entering email and password.. 
04:48:24.049 [main] INFO  - clicked on login button...
04:48:30.744 [main] INFO  - Goto my account-->Click on Login.. 
04:48:31.994 [main] INFO  - Entering email and password.. 
04:48:32.915 [main] INFO  - clicked on login button...
21:32:21.542 [main] INFO  - Goto my account-->Click on Login.. 
21:32:22.523 [main] DEBUG - Parsing relationship: /xl/_rels/workbook.xml.rels
21:32:22.528 [main] DEBUG - Parsing relationship: /_rels/.rels
21:32:22.843 [main] TRACE - Loading type system org.apache.poi.schemas.ooxml.system.ooxml
21:32:22.848 [main] TRACE - Loading type system org.apache.xmlbeans.metadata.system.sXMLCONFIG
21:32:22.849 [main] TRACE - Loading type system org.apache.xmlbeans.metadata.system.sXMLLANG
21:32:22.850 [main] TRACE - Loading type system org.apache.xmlbeans.metadata.system.sXMLSCHEMA
21:32:22.851 [main] TRACE - Loading type system org.apache.xmlbeans.metadata.system.sXMLTOOLS
21:32:22.853 [main] TRACE - Reading unresolved handles for type system org.apache.xmlbeans.metadata.system.sXMLTOOLS
21:32:22.876 [main] TRACE - Finished loading type system org.apache.xmlbeans.metadata.system.sXMLTOOLS
21:32:22.877 [main] TRACE - Reading unresolved handles for type system org.apache.xmlbeans.metadata.system.sXMLSCHEMA
21:32:22.893 [main] TRACE - Finished loading type system org.apache.xmlbeans.metadata.system.sXMLSCHEMA
21:32:22.895 [main] TRACE - Reading unresolved handles for type system org.apache.xmlbeans.metadata.system.sXMLLANG
21:32:22.896 [main] TRACE - Finished loading type system org.apache.xmlbeans.metadata.system.sXMLLANG
21:32:22.897 [main] TRACE - Reading unresolved handles for type system org.apache.xmlbeans.metadata.system.sXMLCONFIG
21:32:22.899 [main] TRACE - Finished loading type system org.apache.xmlbeans.metadata.system.sXMLCONFIG
21:32:22.901 [main] TRACE - Reading unresolved handles for type system org.apache.poi.schemas.ooxml.system.ooxml
21:32:23.020 [main] TRACE - Finished loading type system org.apache.poi.schemas.ooxml.system.ooxml
21:32:23.022 [main] TRACE - Resolving type for handle themefd26doctype
21:32:23.164 [main] TRACE - Resolving type for handle stylesheet5d8bdoctype
21:32:23.175 [main] TRACE - Resolving type for handle ctstylesheet4257type
21:32:23.190 [main] TRACE - Resolving type for handle ctfonts6623type
21:32:23.203 [main] TRACE - Resolving type for handle ctfont14d8type
21:32:23.216 [main] TRACE - Resolving type for handle ctfills2c6ftype
21:32:23.221 [main] TRACE - Resolving type for handle ctfill550ctype
21:32:23.226 [main] TRACE - Resolving type for handle ctborders0d66type
21:32:23.232 [main] TRACE - Resolving type for handle ctborderf935type
21:32:23.239 [main] TRACE - Resolving type for handle ctcellxfs1322type
21:32:23.247 [main] TRACE - Resolving type for handle ctxf97f7type
21:32:23.252 [main] TRACE - Resolving type for handle ctcellstylexfsa81ftype
21:32:23.256 [main] TRACE - Resolving type for handle ctdxfsb26atype
21:32:23.261 [main] TRACE - Resolving type for handle cttablestyles872ftype
21:32:23.269 [main] TRACE - Resolving type for handle sstf81fdoctype
21:32:23.279 [main] TRACE - Resolving type for handle ctsst44f3type
21:32:23.299 [main] TRACE - Resolving type for handle ctrsta472type
21:32:23.350 [main] TRACE - Resolving type for handle workbookec17doctype
21:32:23.360 [main] TRACE - Resolving type for handle ctworkbook83c3type
21:32:23.368 [main] TRACE - Resolving type for handle ctsheets49fdtype
21:32:23.372 [main] TRACE - Resolving type for handle ctsheet4dbetype
21:32:23.376 [main] TRACE - Resolving type for handle strelationshipid1e94type
21:32:23.383 [main] TRACE - Resolving type for handle worksheetf539doctype
21:32:23.395 [main] TRACE - Resolving type for handle ctworksheet530dtype
21:32:23.413 [main] TRACE - Resolving type for handle ctsheetdata8408type
21:32:23.419 [main] TRACE - Resolving type for handle ctrowdd39type
21:32:23.431 [main] TRACE - Resolving type for handle ctcell842btype
21:32:23.443 [main] TRACE - Resolving type for handle stcellrefe4e0type
21:32:23.463 [main] TRACE - Resolving type for handle ctcols627ctype
21:32:23.472 [main] TRACE - Resolving type for handle ctcola95ftype
21:32:23.509 [main] TRACE - Resolving type for handle stxstringf179type
21:32:23.516 [main] TRACE - Resolving type for handle stcelltypebf95type
21:32:30.642 [main] INFO  - Goto my account-->Click on Login.. 
21:32:31.957 [main] DEBUG - Parsing relationship: /xl/_rels/workbook.xml.rels
21:32:31.983 [main] DEBUG - Parsing relationship: /_rels/.rels
21:32:48.703 [main] INFO  - Goto my account-->Click on Login.. 
21:32:50.071 [main] DEBUG - Parsing relationship: /xl/_rels/workbook.xml.rels
21:32:50.082 [main] DEBUG - Parsing relationship: /_rels/.rels
21:33:08.019 [main] INFO  - Goto my account-->Click on Login.. 
21:33:09.148 [main] DEBUG - Parsing relationship: /xl/_rels/workbook.xml.rels
21:33:09.151 [main] DEBUG - Parsing relationship: /_rels/.rels
21:33:25.966 [main] INFO  - Goto my account-->Click on Login.. 
21:33:27.295 [main] DEBUG - Parsing relationship: /xl/_rels/workbook.xml.rels
21:33:27.301 [main] DEBUG - Parsing relationship: /_rels/.rels
21:56:17.472 [main] INFO  - Goto my account-->Click on Login.. 
21:56:18.112 [main] INFO  - Entering email and password.. 
21:56:19.160 [main] INFO  - clicked on login button...
21:56:27.023 [main] INFO  - Goto my account-->Click on Login.. 
21:56:28.001 [main] INFO  - Entering email and password.. 
21:56:29.090 [main] INFO  - clicked on login button...
22:00:44.774 [main] INFO  - Goto my account-->Click on Login.. 
22:00:45.624 [main] INFO  - Entering email and password.. 
22:00:46.778 [main] INFO  - clicked on login button...
22:00:54.938 [main] INFO  - Goto my account-->Click on Login.. 
22:00:55.822 [main] INFO  - Entering email and password.. 
22:00:56.711 [main] INFO  - clicked on login button...
22:06:23.716 [main] INFO  - Goto my account-->Click on Login.. 
22:06:24.653 [main] INFO  - Entering email and password.. 
22:06:26.126 [main] INFO  - clicked on login button...
22:06:33.945 [main] INFO  - Goto my account-->Click on Login.. 
22:06:34.766 [main] INFO  - Entering email and password.. 
22:06:35.583 [main] INFO  - clicked on login button...
22:06:44.387 [main] INFO  - Goto my account-->Click on Login.. 
22:06:45.559 [main] DEBUG - Parsing relationship: /xl/_rels/workbook.xml.rels
22:06:45.569 [main] DEBUG - Parsing relationship: /_rels/.rels
22:06:46.073 [main] TRACE - Loading type system org.apache.poi.schemas.ooxml.system.ooxml
22:06:46.078 [main] TRACE - Loading type system org.apache.xmlbeans.metadata.system.sXMLCONFIG
22:06:46.079 [main] TRACE - Loading type system org.apache.xmlbeans.metadata.system.sXMLLANG
22:06:46.080 [main] TRACE - Loading type system org.apache.xmlbeans.metadata.system.sXMLSCHEMA
22:06:46.081 [main] TRACE - Loading type system org.apache.xmlbeans.metadata.system.sXMLTOOLS
22:06:46.083 [main] TRACE - Reading unresolved handles for type system org.apache.xmlbeans.metadata.system.sXMLTOOLS
22:06:46.113 [main] TRACE - Finished loading type system org.apache.xmlbeans.metadata.system.sXMLTOOLS
22:06:46.114 [main] TRACE - Reading unresolved handles for type system org.apache.xmlbeans.metadata.system.sXMLSCHEMA
22:06:46.127 [main] TRACE - Finished loading type system org.apache.xmlbeans.metadata.system.sXMLSCHEMA
22:06:46.128 [main] TRACE - Reading unresolved handles for type system org.apache.xmlbeans.metadata.system.sXMLLANG
22:06:46.130 [main] TRACE - Finished loading type system org.apache.xmlbeans.metadata.system.sXMLLANG
22:06:46.132 [main] TRACE - Reading unresolved handles for type system org.apache.xmlbeans.metadata.system.sXMLCONFIG
22:06:46.134 [main] TRACE - Finished loading type system org.apache.xmlbeans.metadata.system.sXMLCONFIG
22:06:46.136 [main] TRACE - Reading unresolved handles for type system org.apache.poi.schemas.ooxml.system.ooxml
22:06:46.293 [main] TRACE - Finished loading type system org.apache.poi.schemas.ooxml.system.ooxml
22:06:46.295 [main] TRACE - Resolving type for handle themefd26doctype
22:06:46.436 [main] TRACE - Resolving type for handle stylesheet5d8bdoctype
22:06:46.449 [main] TRACE - Resolving type for handle ctstylesheet4257type
22:06:46.458 [main] TRACE - Resolving type for handle ctfonts6623type
22:06:46.464 [main] TRACE - Resolving type for handle ctfont14d8type
22:06:46.476 [main] TRACE - Resolving type for handle ctfills2c6ftype
22:06:46.480 [main] TRACE - Resolving type for handle ctfill550ctype
22:06:46.483 [main] TRACE - Resolving type for handle ctborders0d66type
22:06:46.487 [main] TRACE - Resolving type for handle ctborderf935type
22:06:46.491 [main] TRACE - Resolving type for handle ctcellxfs1322type
22:06:46.495 [main] TRACE - Resolving type for handle ctxf97f7type
22:06:46.500 [main] TRACE - Resolving type for handle ctcellstylexfsa81ftype
22:06:46.504 [main] TRACE - Resolving type for handle ctdxfsb26atype
22:06:46.509 [main] TRACE - Resolving type for handle cttablestyles872ftype
22:06:46.517 [main] TRACE - Resolving type for handle sstf81fdoctype
22:06:46.526 [main] TRACE - Resolving type for handle ctsst44f3type
22:06:46.545 [main] TRACE - Resolving type for handle ctrsta472type
22:06:46.590 [main] TRACE - Resolving type for handle workbookec17doctype
22:06:46.603 [main] TRACE - Resolving type for handle ctworkbook83c3type
22:06:46.613 [main] TRACE - Resolving type for handle ctsheets49fdtype
22:06:46.617 [main] TRACE - Resolving type for handle ctsheet4dbetype
22:06:46.621 [main] TRACE - Resolving type for handle strelationshipid1e94type
22:06:46.626 [main] TRACE - Resolving type for handle worksheetf539doctype
22:06:46.638 [main] TRACE - Resolving type for handle ctworksheet530dtype
22:06:46.652 [main] TRACE - Resolving type for handle ctsheetdata8408type
22:06:46.656 [main] TRACE - Resolving type for handle ctrowdd39type
22:06:46.669 [main] TRACE - Resolving type for handle ctcell842btype
22:06:46.685 [main] TRACE - Resolving type for handle stcellrefe4e0type
22:06:46.704 [main] TRACE - Resolving type for handle ctcols627ctype
22:06:46.712 [main] TRACE - Resolving type for handle ctcola95ftype
22:06:46.749 [main] TRACE - Resolving type for handle stxstringf179type
22:06:46.754 [main] TRACE - Resolving type for handle stcelltypebf95type
